<?xml version="1.0" encoding="UTF-8"?>
<testng-results ignored="0" total="1" passed="1" failed="0" skipped="0">
  <reporter-output>
  </reporter-output>
  <suite started-at="2025-07-30T17:36:55 IST" name="Default suite" finished-at="2025-07-30T17:37:06 IST" duration-ms="10780">
    <groups>
    </groups>
    <test started-at="2025-07-30T17:36:55 IST" name="Default test" finished-at="2025-07-30T17:37:06 IST" duration-ms="10780">
      <class name="tutorialsninja.register.TC_RF_014">
        <test-method signature="verifyMandatoryFieldsSymbolAndColorInRegisterAccountPage()[pri:0, instance:tutorialsninja.register.TC_RF_014@5fe94a96]" started-at="2025-07-30T17:36:55 IST" name="verifyMandatoryFieldsSymbolAndColorInRegisterAccountPage" finished-at="2025-07-30T17:37:06 IST" duration-ms="10721" status="PASS">
          <reporter-output>
          </reporter-output>
        </test-method> <!-- verifyMandatoryFieldsSymbolAndColorInRegisterAccountPage -->
      </class> <!-- tutorialsninja.register.TC_RF_014 -->
    </test> <!-- Default test -->
  </suite> <!-- Default suite -->
</testng-results>
